c:\users\sansom\documents\soft body simulation\soft body simulation\debug\vc142.pdb
c:\users\sansom\documents\soft body simulation\soft body simulation\debug\vc142.idb
c:\users\sansom\documents\soft body simulation\soft body simulation\debug\main.obj
c:\users\sansom\documents\soft body simulation\soft body simulation\debug\spring.obj
c:\users\sansom\documents\soft body simulation\soft body simulation\debug\softbody.obj
c:\users\sansom\documents\soft body simulation\soft body simulation\debug\masspoint.obj
c:\users\sansom\documents\soft body simulation\soft body simulation\debug\fixedbody.obj
c:\users\sansom\documents\soft body simulation\soft body simulation\debug\bodymanager.obj
c:\users\sansom\documents\soft body simulation\soft body simulation\debug\bodycollection.obj
c:\users\sansom\documents\soft body simulation\soft body simulation\debug\operation.obj
c:\users\sansom\documents\soft body simulation\debug\soft body simulation.exe
c:\users\sansom\documents\soft body simulation\debug\soft body simulation.ilk
c:\users\sansom\documents\soft body simulation\debug\soft body simulation.pdb
c:\users\sansom\documents\soft body simulation\soft body simulation\debug\masspoint.obj.enc
c:\users\sansom\documents\soft body simulation\soft body simulation\debug\soft bod.db9c4fa8.tlog\cl.command.1.tlog
c:\users\sansom\documents\soft body simulation\soft body simulation\debug\soft bod.db9c4fa8.tlog\cl.read.1.tlog
c:\users\sansom\documents\soft body simulation\soft body simulation\debug\soft bod.db9c4fa8.tlog\cl.write.1.tlog
c:\users\sansom\documents\soft body simulation\soft body simulation\debug\soft bod.db9c4fa8.tlog\link.command.1.tlog
c:\users\sansom\documents\soft body simulation\soft body simulation\debug\soft bod.db9c4fa8.tlog\link.read.1.tlog
c:\users\sansom\documents\soft body simulation\soft body simulation\debug\soft bod.db9c4fa8.tlog\link.write.1.tlog
