  main.cpp
C:\Users\Sansom\Documents\Soft Body Simulation\Soft Body Simulation\main.cpp(10,24): warning C4305: 'inicializando': truncamiento de 'double' a 'float'
C:\Users\Sansom\Documents\Soft Body Simulation\Soft Body Simulation\main.cpp(28,51): warning C4244: 'argumento': conversión de 'T' a 'float'; posible pérdida de datos
          with
          [
              T=unsigned int
          ]
C:\Users\Sansom\Documents\Soft Body Simulation\Soft Body Simulation\main.cpp(28,31): warning C4244: 'argumento': conversión de 'T' a 'float'; posible pérdida de datos
          with
          [
              T=unsigned int
          ]
C:\Users\Sansom\Documents\Soft Body Simulation\Soft Body Simulation\main.cpp(29,60): warning C4244: 'argumento': conversión de 'T' a 'float'; posible pérdida de datos
          with
          [
              T=unsigned int
          ]
C:\Users\Sansom\Documents\Soft Body Simulation\Soft Body Simulation\main.cpp(29,36): warning C4244: 'argumento': conversión de 'T' a 'float'; posible pérdida de datos
          with
          [
              T=unsigned int
          ]
C:\Users\Sansom\Documents\Soft Body Simulation\Soft Body Simulation\main.cpp(36,49): warning C4244: 'argumento': conversión de 'float' a 'unsigned int'; posible pérdida de datos
C:\Users\Sansom\Documents\Soft Body Simulation\Soft Body Simulation\main.cpp(36,32): warning C4244: 'argumento': conversión de 'float' a 'unsigned int'; posible pérdida de datos
C:\Users\Sansom\Documents\Soft Body Simulation\Soft Body Simulation\main.cpp(110,93): warning C4244: '=': conversión de 'double' a 'T'; posible pérdida de datos
          with
          [
              T=int
          ]
C:\Users\Sansom\Documents\Soft Body Simulation\Soft Body Simulation\main.cpp(111,93): warning C4244: '=': conversión de 'double' a 'T'; posible pérdida de datos
          with
          [
              T=int
          ]
C:\Users\Sansom\Documents\Soft Body Simulation\Soft Body Simulation\main.cpp(112,39): warning C4244: '=': conversión de 'T' a 'T'; posible pérdida de datos
          with
          [
              T=float
          ]
          and
          [
              T=int
          ]
C:\Users\Sansom\Documents\Soft Body Simulation\Soft Body Simulation\main.cpp(113,39): warning C4244: '=': conversión de 'T' a 'T'; posible pérdida de datos
          with
          [
              T=float
          ]
          and
          [
              T=int
          ]
C:\Users\Sansom\Documents\Soft Body Simulation\Soft Body Simulation\main.cpp(116,72): warning C4244: 'argumento': conversión de 'T' a 'T'; posible pérdida de datos
          with
          [
              T=int
          ]
          and
          [
              T=float
          ]
C:\Users\Sansom\Documents\Soft Body Simulation\Soft Body Simulation\main.cpp(116,60): warning C4244: 'argumento': conversión de 'T' a 'T'; posible pérdida de datos
          with
          [
              T=int
          ]
          and
          [
              T=float
          ]
C:\Users\Sansom\Documents\Soft Body Simulation\Soft Body Simulation\main.cpp(119,57): warning C4244: 'argumento': conversión de 'T' a 'T'; posible pérdida de datos
          with
          [
              T=int
          ]
          and
          [
              T=float
          ]
C:\Users\Sansom\Documents\Soft Body Simulation\Soft Body Simulation\main.cpp(119,45): warning C4244: 'argumento': conversión de 'T' a 'T'; posible pérdida de datos
          with
          [
              T=int
          ]
          and
          [
              T=float
          ]
  Generando código
  1 of 490 functions ( 0.2%) were compiled, the rest were copied from previous compilation.
    0 functions were new in current compilation
    20 functions had inline decision re-evaluated but remain unchanged
  Generación de código finalizada
  Soft Body Simulation.vcxproj -> C:\Users\Sansom\Documents\Soft Body Simulation\Release\Soft Body Simulation.exe
